-------------------------------------------------------------------------------
Test set: petclinic.controllers.OwnerControllerTest
-------------------------------------------------------------------------------
Tests run: 8, Failures: 0, Errors: 8, Skipped: 0, Time elapsed: 0.467 s <<< FAILURE! - in petclinic.controllers.OwnerControllerTest
processUpdateOwnerForm  Time elapsed: 0.326 s  <<< ERROR!
org.springframework.beans.BeanInstantiationException: Failed to instantiate [org.springframework.validation.beanvalidation.OptionalValidatorFactoryBean]: Unresolvable class definition; nested exception is java.lang.NoClassDefFoundError: javax/validation/ParameterNameProvider
	at petclinic.controllers.OwnerControllerTest.setUp(OwnerControllerTest.java:51)
Caused by: java.lang.NoClassDefFoundError: javax/validation/ParameterNameProvider
	at petclinic.controllers.OwnerControllerTest.setUp(OwnerControllerTest.java:51)
Caused by: java.lang.ClassNotFoundException: javax.validation.ParameterNameProvider
	at petclinic.controllers.OwnerControllerTest.setUp(OwnerControllerTest.java:51)

processFindFromReturnMany  Time elapsed: 0.004 s  <<< ERROR!
org.springframework.beans.BeanInstantiationException: Failed to instantiate [org.springframework.validation.beanvalidation.OptionalValidatorFactoryBean]: Unresolvable class definition; nested exception is java.lang.NoClassDefFoundError: javax/validation/ParameterNameProvider
	at petclinic.controllers.OwnerControllerTest.setUp(OwnerControllerTest.java:51)
Caused by: java.lang.NoClassDefFoundError: javax/validation/ParameterNameProvider
	at petclinic.controllers.OwnerControllerTest.setUp(OwnerControllerTest.java:51)
Caused by: java.lang.ClassNotFoundException: javax.validation.ParameterNameProvider
	at petclinic.controllers.OwnerControllerTest.setUp(OwnerControllerTest.java:51)

findOwners  Time elapsed: 0.066 s  <<< ERROR!
org.springframework.beans.BeanInstantiationException: Failed to instantiate [org.springframework.validation.beanvalidation.OptionalValidatorFactoryBean]: Unresolvable class definition; nested exception is java.lang.NoClassDefFoundError: javax/validation/ParameterNameProvider
	at petclinic.controllers.OwnerControllerTest.setUp(OwnerControllerTest.java:51)
Caused by: java.lang.NoClassDefFoundError: javax/validation/ParameterNameProvider
	at petclinic.controllers.OwnerControllerTest.setUp(OwnerControllerTest.java:51)
Caused by: java.lang.ClassNotFoundException: javax.validation.ParameterNameProvider
	at petclinic.controllers.OwnerControllerTest.setUp(OwnerControllerTest.java:51)

processFindFormReturnOne  Time elapsed: 0.024 s  <<< ERROR!
org.springframework.beans.BeanInstantiationException: Failed to instantiate [org.springframework.validation.beanvalidation.OptionalValidatorFactoryBean]: Unresolvable class definition; nested exception is java.lang.NoClassDefFoundError: javax/validation/ParameterNameProvider
	at petclinic.controllers.OwnerControllerTest.setUp(OwnerControllerTest.java:51)
Caused by: java.lang.NoClassDefFoundError: javax/validation/ParameterNameProvider
	at petclinic.controllers.OwnerControllerTest.setUp(OwnerControllerTest.java:51)
Caused by: java.lang.ClassNotFoundException: javax.validation.ParameterNameProvider
	at petclinic.controllers.OwnerControllerTest.setUp(OwnerControllerTest.java:51)

initUpdateOwnerForm  Time elapsed: 0.012 s  <<< ERROR!
org.springframework.beans.BeanInstantiationException: Failed to instantiate [org.springframework.validation.beanvalidation.OptionalValidatorFactoryBean]: Unresolvable class definition; nested exception is java.lang.NoClassDefFoundError: javax/validation/ParameterNameProvider
	at petclinic.controllers.OwnerControllerTest.setUp(OwnerControllerTest.java:51)
Caused by: java.lang.NoClassDefFoundError: javax/validation/ParameterNameProvider
	at petclinic.controllers.OwnerControllerTest.setUp(OwnerControllerTest.java:51)
Caused by: java.lang.ClassNotFoundException: javax.validation.ParameterNameProvider
	at petclinic.controllers.OwnerControllerTest.setUp(OwnerControllerTest.java:51)

processCreationForm  Time elapsed: 0.007 s  <<< ERROR!
org.springframework.beans.BeanInstantiationException: Failed to instantiate [org.springframework.validation.beanvalidation.OptionalValidatorFactoryBean]: Unresolvable class definition; nested exception is java.lang.NoClassDefFoundError: javax/validation/ParameterNameProvider
	at petclinic.controllers.OwnerControllerTest.setUp(OwnerControllerTest.java:51)
Caused by: java.lang.NoClassDefFoundError: javax/validation/ParameterNameProvider
	at petclinic.controllers.OwnerControllerTest.setUp(OwnerControllerTest.java:51)
Caused by: java.lang.ClassNotFoundException: javax.validation.ParameterNameProvider
	at petclinic.controllers.OwnerControllerTest.setUp(OwnerControllerTest.java:51)

initCreationForm  Time elapsed: 0.004 s  <<< ERROR!
org.springframework.beans.BeanInstantiationException: Failed to instantiate [org.springframework.validation.beanvalidation.OptionalValidatorFactoryBean]: Unresolvable class definition; nested exception is java.lang.NoClassDefFoundError: javax/validation/ParameterNameProvider
	at petclinic.controllers.OwnerControllerTest.setUp(OwnerControllerTest.java:51)
Caused by: java.lang.NoClassDefFoundError: javax/validation/ParameterNameProvider
	at petclinic.controllers.OwnerControllerTest.setUp(OwnerControllerTest.java:51)
Caused by: java.lang.ClassNotFoundException: javax.validation.ParameterNameProvider
	at petclinic.controllers.OwnerControllerTest.setUp(OwnerControllerTest.java:51)

displayOwner  Time elapsed: 0.002 s  <<< ERROR!
org.springframework.beans.BeanInstantiationException: Failed to instantiate [org.springframework.validation.beanvalidation.OptionalValidatorFactoryBean]: Unresolvable class definition; nested exception is java.lang.NoClassDefFoundError: javax/validation/ParameterNameProvider
	at petclinic.controllers.OwnerControllerTest.setUp(OwnerControllerTest.java:51)
Caused by: java.lang.NoClassDefFoundError: javax/validation/ParameterNameProvider
	at petclinic.controllers.OwnerControllerTest.setUp(OwnerControllerTest.java:51)
Caused by: java.lang.ClassNotFoundException: javax.validation.ParameterNameProvider
	at petclinic.controllers.OwnerControllerTest.setUp(OwnerControllerTest.java:51)

