-------------------------------------------------------------------------------
Test set: petclinic.services.map.OwnerServiceMapTest
-------------------------------------------------------------------------------
Tests run: 6, Failures: 1, Errors: 0, Skipped: 0, Time elapsed: 0.126 s <<< FAILURE! - in petclinic.services.map.OwnerServiceMapTest
findAll  Time elapsed: 0.015 s  <<< FAILURE!
org.opentest4j.AssertionFailedError: expected: <1> but was: <0>
	at petclinic.services.map.OwnerServiceMapTest.findAll(OwnerServiceMapTest.java:25)

